<?xml version="1.0" encoding="UTF-8"?>
<testsuite name="JsonExportService 単体テスト" tests="2" skipped="0" failures="0" errors="0" timestamp="2025-06-23T10:00:51" hostname="cesare.local" time="0.075">
  <properties/>
  <testcase name="exportEntityStatusToFile: 単一エンティティでのJSON出力" classname="jp.seekin.minecraft.ailife.JsonExportServiceTest" time="0.063"/>
  <testcase name="exportEntityStatusToFile: 空のエンティティリストでのJSON出力" classname="jp.seekin.minecraft.ailife.JsonExportServiceTest" time="0.01"/>
  <system-out><![CDATA[[19:00:51] [Test worker/INFO] [TestLogger/]: [AiLife] JsonExportService: AI生命体エンティティ情報のJSON出力を開始します: test-json-export/test_export.json
[19:00:51] [Test worker/INFO] [TestLogger/]: [AiLife] JsonExportService: JSON出力完了: 1体のエンティティ情報を出力しました (test-json-export/test_export.json)
[19:00:51] [Test worker/INFO] [TestLogger/]: [AiLife] JsonExportService: AI生命体エンティティ情報のJSON出力を開始します: test-json-export/test_export.json
[19:00:51] [Test worker/INFO] [TestLogger/]: [AiLife] JsonExportService: JSON出力完了: 0体のエンティティ情報を出力しました (test-json-export/test_export.json)
]]></system-out>
  <system-err><![CDATA[]]></system-err>
</testsuite>
