<?xml version="1.0" encoding="UTF-8"?>
<testsuite name="EntitySpawnManager 実装済み機能テスト" tests="7" skipped="0" failures="0" errors="0" timestamp="2025-06-22T13:07:47" hostname="cesare.local" time="0.072">
  <properties/>
  <testcase name="実装済み: 性別データの妥当性確認" classname="jp.seekin.minecraft.ailife.EntitySpawnManagerTest" time="0.027"/>
  <testcase name="実装済み: 正常なJSONファイル読み込みテスト" classname="jp.seekin.minecraft.ailife.EntitySpawnManagerTest" time="0.005"/>
  <testcase name="実装済み: SpawnResult戻り値の確認" classname="jp.seekin.minecraft.ailife.EntitySpawnManagerTest" time="0.009"/>
  <testcase name="実装済み: エンティティ必須フィールド検証" classname="jp.seekin.minecraft.ailife.EntitySpawnManagerTest" time="0.005"/>
  <testcase name="実装済み: DNA配列の妥当性確認" classname="jp.seekin.minecraft.ailife.EntitySpawnManagerTest" time="0.005"/>
  <testcase name="実装済み: adam/eveデータ構造の妥当性検証" classname="jp.seekin.minecraft.ailife.EntitySpawnManagerTest" time="0.003"/>
  <testcase name="実装済み: JSONファイル不存在時のエラーハンドリング" classname="jp.seekin.minecraft.ailife.EntitySpawnManagerTest" time="0.004"/>
  <system-out><![CDATA[EntitySpawnManagerテスト環境セットアップ完了: /Users/motosue/Documents/seekin_demo/minecraft/test-config-spawn
adamの性別確認完了: male
eveの性別確認完了: female
性別データの妥当性確認完了
EntitySpawnManagerテスト環境クリーンアップ完了
EntitySpawnManagerテスト環境セットアップ完了: /Users/motosue/Documents/seekin_demo/minecraft/test-config-spawn
JSON読み込みテスト完了: 正常なJSONファイルが作成されました
EntitySpawnManagerテスト環境クリーンアップ完了
EntitySpawnManagerテスト環境セットアップ完了: /Users/motosue/Documents/seekin_demo/minecraft/test-config-spawn
SpawnResult戻り値の確認完了
EntitySpawnManagerテスト環境クリーンアップ完了
EntitySpawnManagerテスト環境セットアップ完了: /Users/motosue/Documents/seekin_demo/minecraft/test-config-spawn
adamの必須フィールド検証完了
eveの必須フィールド検証完了
全エンティティの必須フィールド検証完了
EntitySpawnManagerテスト環境クリーンアップ完了
EntitySpawnManagerテスト環境セットアップ完了: /Users/motosue/Documents/seekin_demo/minecraft/test-config-spawn
adamのDNA配列妥当性確認完了: ACGTACGTACGTACGT
eveのDNA配列妥当性確認完了: TGCATGCATGCATGCA
全エンティティのDNA配列妥当性確認完了
EntitySpawnManagerテスト環境クリーンアップ完了
EntitySpawnManagerテスト環境セットアップ完了: /Users/motosue/Documents/seekin_demo/minecraft/test-config-spawn
adam/eveデータ構造の妥当性検証完了
EntitySpawnManagerテスト環境クリーンアップ完了
EntitySpawnManagerテスト環境セットアップ完了: /Users/motosue/Documents/seekin_demo/minecraft/test-config-spawn
expected: generated_entities.json が存在しない場合の適切な処理を確認
JSONファイル不存在時のエラーハンドリングテスト完了
EntitySpawnManagerテスト環境クリーンアップ完了
]]></system-out>
  <system-err><![CDATA[]]></system-err>
</testsuite>
